2016-06-20 19:45:19,830 INFO  io.prediction.tools.console.Console$ [main] - Inspecting PredictionIO...
2016-06-20 19:45:19,838 INFO  io.prediction.tools.console.Console$ [main] - PredictionIO 0.9.6 is installed at /home/ubuntu/PredictionIO
2016-06-20 19:45:19,839 INFO  io.prediction.tools.console.Console$ [main] - Inspecting Apache Spark...
2016-06-20 19:45:19,859 INFO  io.prediction.tools.console.Console$ [main] - Apache Spark is installed at /home/ubuntu/PredictionIO/vendors/spark-1.6.0
2016-06-20 19:45:19,935 INFO  io.prediction.tools.console.Console$ [main] - Apache Spark 1.6.0 detected (meets minimum requirement of 1.3.0)
2016-06-20 19:45:19,936 INFO  io.prediction.tools.console.Console$ [main] - Inspecting storage backend connections...
2016-06-20 19:45:19,975 INFO  io.prediction.data.storage.Storage$ [main] - Verifying Meta Data Backend (Source: MYSQL)...
2016-06-20 19:45:21,153 ERROR io.prediction.tools.console.Console$ [main] - Unable to connect to all storage backends successfully. The following shows the error message from the storage backend.
2016-06-20 19:45:21,154 ERROR io.prediction.tools.console.Console$ [main] - Access denied for user 'pio'@'localhost' (using password: YES) (java.sql.SQLException)
java.sql.SQLException: Access denied for user 'pio'@'localhost' (using password: YES)
	at com.mysql.jdbc.SQLError.createSQLException(SQLError.java:959)
	at com.mysql.jdbc.MysqlIO.checkErrorPacket(MysqlIO.java:3870)
	at com.mysql.jdbc.MysqlIO.checkErrorPacket(MysqlIO.java:3806)
	at com.mysql.jdbc.MysqlIO.checkErrorPacket(MysqlIO.java:871)
	at com.mysql.jdbc.MysqlIO.proceedHandshakeWithPluggableAuthentication(MysqlIO.java:1686)
	at com.mysql.jdbc.MysqlIO.doHandshake(MysqlIO.java:1207)
	at com.mysql.jdbc.ConnectionImpl.coreConnect(ConnectionImpl.java:2254)
	at com.mysql.jdbc.ConnectionImpl.connectOneTryOnly(ConnectionImpl.java:2285)
	at com.mysql.jdbc.ConnectionImpl.createNewIO(ConnectionImpl.java:2084)
	at com.mysql.jdbc.ConnectionImpl.<init>(ConnectionImpl.java:795)
	at com.mysql.jdbc.JDBC4Connection.<init>(JDBC4Connection.java:44)
	at sun.reflect.NativeConstructorAccessorImpl.newInstance0(Native Method)
	at sun.reflect.NativeConstructorAccessorImpl.newInstance(NativeConstructorAccessorImpl.java:57)
	at sun.reflect.DelegatingConstructorAccessorImpl.newInstance(DelegatingConstructorAccessorImpl.java:45)
	at java.lang.reflect.Constructor.newInstance(Constructor.java:526)
	at com.mysql.jdbc.Util.handleNewInstance(Util.java:404)
	at com.mysql.jdbc.ConnectionImpl.getInstance(ConnectionImpl.java:400)
	at com.mysql.jdbc.NonRegisteringDriver.connect(NonRegisteringDriver.java:327)
	at java.sql.DriverManager.getConnection(DriverManager.java:571)
	at java.sql.DriverManager.getConnection(DriverManager.java:215)
	at org.apache.commons.dbcp2.DriverManagerConnectionFactory.createConnection(DriverManagerConnectionFactory.java:77)
	at org.apache.commons.dbcp2.PoolableConnectionFactory.makeObject(PoolableConnectionFactory.java:256)
	at org.apache.commons.pool2.impl.GenericObjectPool.create(GenericObjectPool.java:868)
	at org.apache.commons.pool2.impl.GenericObjectPool.borrowObject(GenericObjectPool.java:435)
	at org.apache.commons.pool2.impl.GenericObjectPool.borrowObject(GenericObjectPool.java:363)
	at org.apache.commons.dbcp2.PoolingDataSource.getConnection(PoolingDataSource.java:134)
	at scalikejdbc.Commons2ConnectionPool.borrow(Commons2ConnectionPool.scala:41)
	at scalikejdbc.DB$.autoCommit(DB.scala:214)
	at io.prediction.data.storage.jdbc.JDBCEngineManifests.<init>(JDBCEngineManifests.scala:29)
	at sun.reflect.NativeConstructorAccessorImpl.newInstance0(Native Method)
	at sun.reflect.NativeConstructorAccessorImpl.newInstance(NativeConstructorAccessorImpl.java:57)
	at sun.reflect.DelegatingConstructorAccessorImpl.newInstance(DelegatingConstructorAccessorImpl.java:45)
	at java.lang.reflect.Constructor.newInstance(Constructor.java:526)
	at io.prediction.data.storage.Storage$.getDataObject(Storage.scala:303)
	at io.prediction.data.storage.Storage$.getDataObjectFromRepo(Storage.scala:263)
	at io.prediction.data.storage.Storage$.getMetaDataEngineManifests(Storage.scala:361)
	at io.prediction.data.storage.Storage$.verifyAllDataObjects(Storage.scala:338)
	at io.prediction.tools.console.Console$.status(Console.scala:1091)
	at io.prediction.tools.console.Console$$anonfun$main$1.apply(Console.scala:734)
	at io.prediction.tools.console.Console$$anonfun$main$1.apply(Console.scala:693)
	at scala.Option.map(Option.scala:145)
	at io.prediction.tools.console.Console$.main(Console.scala:693)
	at io.prediction.tools.console.Console.main(Console.scala)
2016-06-20 19:45:21,157 ERROR io.prediction.tools.console.Console$ [main] - Dumping configuration of initialized storage backend sources. Please make sure they are correct.
2016-06-20 19:45:21,162 ERROR io.prediction.tools.console.Console$ [main] - Source Name: MYSQL; Type: jdbc; Configuration: PASSWORD -> pio, URL -> jdbc:mysql://localhost/pio, TYPE -> jdbc, USERNAME -> pio
2016-06-20 19:49:48,267 INFO  io.prediction.tools.console.Console$ [main] - Inspecting PredictionIO...
2016-06-20 19:49:48,274 INFO  io.prediction.tools.console.Console$ [main] - PredictionIO 0.9.6 is installed at /home/ubuntu/PredictionIO
2016-06-20 19:49:48,275 INFO  io.prediction.tools.console.Console$ [main] - Inspecting Apache Spark...
2016-06-20 19:49:48,295 INFO  io.prediction.tools.console.Console$ [main] - Apache Spark is installed at /home/ubuntu/PredictionIO/vendors/spark-1.6.0
2016-06-20 19:49:48,374 INFO  io.prediction.tools.console.Console$ [main] - Apache Spark 1.6.0 detected (meets minimum requirement of 1.3.0)
2016-06-20 19:49:48,375 INFO  io.prediction.tools.console.Console$ [main] - Inspecting storage backend connections...
2016-06-20 19:49:48,430 INFO  io.prediction.data.storage.Storage$ [main] - Verifying Meta Data Backend (Source: MYSQL)...
2016-06-20 19:49:49,648 ERROR io.prediction.tools.console.Console$ [main] - Unable to connect to all storage backends successfully. The following shows the error message from the storage backend.
2016-06-20 19:49:49,649 ERROR io.prediction.tools.console.Console$ [main] - Access denied for user 'pio'@'localhost' (using password: YES) (java.sql.SQLException)
java.sql.SQLException: Access denied for user 'pio'@'localhost' (using password: YES)
	at com.mysql.jdbc.SQLError.createSQLException(SQLError.java:959)
	at com.mysql.jdbc.MysqlIO.checkErrorPacket(MysqlIO.java:3870)
	at com.mysql.jdbc.MysqlIO.checkErrorPacket(MysqlIO.java:3806)
	at com.mysql.jdbc.MysqlIO.checkErrorPacket(MysqlIO.java:871)
	at com.mysql.jdbc.MysqlIO.proceedHandshakeWithPluggableAuthentication(MysqlIO.java:1686)
	at com.mysql.jdbc.MysqlIO.doHandshake(MysqlIO.java:1207)
	at com.mysql.jdbc.ConnectionImpl.coreConnect(ConnectionImpl.java:2254)
	at com.mysql.jdbc.ConnectionImpl.connectOneTryOnly(ConnectionImpl.java:2285)
	at com.mysql.jdbc.ConnectionImpl.createNewIO(ConnectionImpl.java:2084)
	at com.mysql.jdbc.ConnectionImpl.<init>(ConnectionImpl.java:795)
	at com.mysql.jdbc.JDBC4Connection.<init>(JDBC4Connection.java:44)
	at sun.reflect.NativeConstructorAccessorImpl.newInstance0(Native Method)
	at sun.reflect.NativeConstructorAccessorImpl.newInstance(NativeConstructorAccessorImpl.java:57)
	at sun.reflect.DelegatingConstructorAccessorImpl.newInstance(DelegatingConstructorAccessorImpl.java:45)
	at java.lang.reflect.Constructor.newInstance(Constructor.java:526)
	at com.mysql.jdbc.Util.handleNewInstance(Util.java:404)
	at com.mysql.jdbc.ConnectionImpl.getInstance(ConnectionImpl.java:400)
	at com.mysql.jdbc.NonRegisteringDriver.connect(NonRegisteringDriver.java:327)
	at java.sql.DriverManager.getConnection(DriverManager.java:571)
	at java.sql.DriverManager.getConnection(DriverManager.java:215)
	at org.apache.commons.dbcp2.DriverManagerConnectionFactory.createConnection(DriverManagerConnectionFactory.java:77)
	at org.apache.commons.dbcp2.PoolableConnectionFactory.makeObject(PoolableConnectionFactory.java:256)
	at org.apache.commons.pool2.impl.GenericObjectPool.create(GenericObjectPool.java:868)
	at org.apache.commons.pool2.impl.GenericObjectPool.borrowObject(GenericObjectPool.java:435)
	at org.apache.commons.pool2.impl.GenericObjectPool.borrowObject(GenericObjectPool.java:363)
	at org.apache.commons.dbcp2.PoolingDataSource.getConnection(PoolingDataSource.java:134)
	at scalikejdbc.Commons2ConnectionPool.borrow(Commons2ConnectionPool.scala:41)
	at scalikejdbc.DB$.autoCommit(DB.scala:214)
	at io.prediction.data.storage.jdbc.JDBCEngineManifests.<init>(JDBCEngineManifests.scala:29)
	at sun.reflect.NativeConstructorAccessorImpl.newInstance0(Native Method)
	at sun.reflect.NativeConstructorAccessorImpl.newInstance(NativeConstructorAccessorImpl.java:57)
	at sun.reflect.DelegatingConstructorAccessorImpl.newInstance(DelegatingConstructorAccessorImpl.java:45)
	at java.lang.reflect.Constructor.newInstance(Constructor.java:526)
	at io.prediction.data.storage.Storage$.getDataObject(Storage.scala:303)
	at io.prediction.data.storage.Storage$.getDataObjectFromRepo(Storage.scala:263)
	at io.prediction.data.storage.Storage$.getMetaDataEngineManifests(Storage.scala:361)
	at io.prediction.data.storage.Storage$.verifyAllDataObjects(Storage.scala:338)
	at io.prediction.tools.console.Console$.status(Console.scala:1091)
	at io.prediction.tools.console.Console$$anonfun$main$1.apply(Console.scala:734)
	at io.prediction.tools.console.Console$$anonfun$main$1.apply(Console.scala:693)
	at scala.Option.map(Option.scala:145)
	at io.prediction.tools.console.Console$.main(Console.scala:693)
	at io.prediction.tools.console.Console.main(Console.scala)
2016-06-20 19:49:49,652 ERROR io.prediction.tools.console.Console$ [main] - Dumping configuration of initialized storage backend sources. Please make sure they are correct.
2016-06-20 19:49:49,656 ERROR io.prediction.tools.console.Console$ [main] - Source Name: MYSQL; Type: jdbc; Configuration: PASSWORD -> pio, URL -> jdbc:mysql://localhost/pio, TYPE -> jdbc, USERNAME -> pio
2016-06-20 19:50:19,823 INFO  io.prediction.tools.console.Console$ [main] - Inspecting PredictionIO...
2016-06-20 19:50:19,828 INFO  io.prediction.tools.console.Console$ [main] - PredictionIO 0.9.6 is installed at /home/ubuntu/PredictionIO
2016-06-20 19:50:19,830 INFO  io.prediction.tools.console.Console$ [main] - Inspecting Apache Spark...
2016-06-20 19:50:19,851 INFO  io.prediction.tools.console.Console$ [main] - Apache Spark is installed at /home/ubuntu/PredictionIO/vendors/spark-1.6.0
2016-06-20 19:50:19,912 INFO  io.prediction.tools.console.Console$ [main] - Apache Spark 1.6.0 detected (meets minimum requirement of 1.3.0)
2016-06-20 19:50:19,913 INFO  io.prediction.tools.console.Console$ [main] - Inspecting storage backend connections...
2016-06-20 19:50:19,952 INFO  io.prediction.data.storage.Storage$ [main] - Verifying Meta Data Backend (Source: MYSQL)...
2016-06-20 19:50:21,114 ERROR io.prediction.tools.console.Console$ [main] - Unable to connect to all storage backends successfully. The following shows the error message from the storage backend.
2016-06-20 19:50:21,116 ERROR io.prediction.tools.console.Console$ [main] - Access denied for user 'pio'@'localhost' (using password: YES) (java.sql.SQLException)
java.sql.SQLException: Access denied for user 'pio'@'localhost' (using password: YES)
	at com.mysql.jdbc.SQLError.createSQLException(SQLError.java:959)
	at com.mysql.jdbc.MysqlIO.checkErrorPacket(MysqlIO.java:3870)
	at com.mysql.jdbc.MysqlIO.checkErrorPacket(MysqlIO.java:3806)
	at com.mysql.jdbc.MysqlIO.checkErrorPacket(MysqlIO.java:871)
	at com.mysql.jdbc.MysqlIO.proceedHandshakeWithPluggableAuthentication(MysqlIO.java:1686)
	at com.mysql.jdbc.MysqlIO.doHandshake(MysqlIO.java:1207)
	at com.mysql.jdbc.ConnectionImpl.coreConnect(ConnectionImpl.java:2254)
	at com.mysql.jdbc.ConnectionImpl.connectOneTryOnly(ConnectionImpl.java:2285)
	at com.mysql.jdbc.ConnectionImpl.createNewIO(ConnectionImpl.java:2084)
	at com.mysql.jdbc.ConnectionImpl.<init>(ConnectionImpl.java:795)
	at com.mysql.jdbc.JDBC4Connection.<init>(JDBC4Connection.java:44)
	at sun.reflect.NativeConstructorAccessorImpl.newInstance0(Native Method)
	at sun.reflect.NativeConstructorAccessorImpl.newInstance(NativeConstructorAccessorImpl.java:57)
	at sun.reflect.DelegatingConstructorAccessorImpl.newInstance(DelegatingConstructorAccessorImpl.java:45)
	at java.lang.reflect.Constructor.newInstance(Constructor.java:526)
	at com.mysql.jdbc.Util.handleNewInstance(Util.java:404)
	at com.mysql.jdbc.ConnectionImpl.getInstance(ConnectionImpl.java:400)
	at com.mysql.jdbc.NonRegisteringDriver.connect(NonRegisteringDriver.java:327)
	at java.sql.DriverManager.getConnection(DriverManager.java:571)
	at java.sql.DriverManager.getConnection(DriverManager.java:215)
	at org.apache.commons.dbcp2.DriverManagerConnectionFactory.createConnection(DriverManagerConnectionFactory.java:77)
	at org.apache.commons.dbcp2.PoolableConnectionFactory.makeObject(PoolableConnectionFactory.java:256)
	at org.apache.commons.pool2.impl.GenericObjectPool.create(GenericObjectPool.java:868)
	at org.apache.commons.pool2.impl.GenericObjectPool.borrowObject(GenericObjectPool.java:435)
	at org.apache.commons.pool2.impl.GenericObjectPool.borrowObject(GenericObjectPool.java:363)
	at org.apache.commons.dbcp2.PoolingDataSource.getConnection(PoolingDataSource.java:134)
	at scalikejdbc.Commons2ConnectionPool.borrow(Commons2ConnectionPool.scala:41)
	at scalikejdbc.DB$.autoCommit(DB.scala:214)
	at io.prediction.data.storage.jdbc.JDBCEngineManifests.<init>(JDBCEngineManifests.scala:29)
	at sun.reflect.NativeConstructorAccessorImpl.newInstance0(Native Method)
	at sun.reflect.NativeConstructorAccessorImpl.newInstance(NativeConstructorAccessorImpl.java:57)
	at sun.reflect.DelegatingConstructorAccessorImpl.newInstance(DelegatingConstructorAccessorImpl.java:45)
	at java.lang.reflect.Constructor.newInstance(Constructor.java:526)
	at io.prediction.data.storage.Storage$.getDataObject(Storage.scala:303)
	at io.prediction.data.storage.Storage$.getDataObjectFromRepo(Storage.scala:263)
	at io.prediction.data.storage.Storage$.getMetaDataEngineManifests(Storage.scala:361)
	at io.prediction.data.storage.Storage$.verifyAllDataObjects(Storage.scala:338)
	at io.prediction.tools.console.Console$.status(Console.scala:1091)
	at io.prediction.tools.console.Console$$anonfun$main$1.apply(Console.scala:734)
	at io.prediction.tools.console.Console$$anonfun$main$1.apply(Console.scala:693)
	at scala.Option.map(Option.scala:145)
	at io.prediction.tools.console.Console$.main(Console.scala:693)
	at io.prediction.tools.console.Console.main(Console.scala)
2016-06-20 19:50:21,118 ERROR io.prediction.tools.console.Console$ [main] - Dumping configuration of initialized storage backend sources. Please make sure they are correct.
2016-06-20 19:50:21,122 ERROR io.prediction.tools.console.Console$ [main] - Source Name: MYSQL; Type: jdbc; Configuration: PASSWORD -> pio, URL -> jdbc:mysql://localhost/pio, TYPE -> jdbc, USERNAME -> pio
2016-06-20 19:53:32,638 INFO  io.prediction.tools.console.Console$ [main] - Inspecting PredictionIO...
2016-06-20 19:53:32,644 INFO  io.prediction.tools.console.Console$ [main] - PredictionIO 0.9.6 is installed at /home/ubuntu/PredictionIO
2016-06-20 19:53:32,645 INFO  io.prediction.tools.console.Console$ [main] - Inspecting Apache Spark...
2016-06-20 19:53:32,667 INFO  io.prediction.tools.console.Console$ [main] - Apache Spark is installed at /home/ubuntu/PredictionIO/vendors/spark-1.6.0
2016-06-20 19:53:32,734 INFO  io.prediction.tools.console.Console$ [main] - Apache Spark 1.6.0 detected (meets minimum requirement of 1.3.0)
2016-06-20 19:53:32,735 INFO  io.prediction.tools.console.Console$ [main] - Inspecting storage backend connections...
2016-06-20 19:53:32,777 INFO  io.prediction.data.storage.Storage$ [main] - Verifying Meta Data Backend (Source: MYSQL)...
2016-06-20 19:53:34,022 ERROR io.prediction.tools.console.Console$ [main] - Unable to connect to all storage backends successfully. The following shows the error message from the storage backend.
2016-06-20 19:53:34,024 ERROR io.prediction.tools.console.Console$ [main] - Access denied for user 'pio'@'localhost' (using password: YES) (java.sql.SQLException)
java.sql.SQLException: Access denied for user 'pio'@'localhost' (using password: YES)
	at com.mysql.jdbc.SQLError.createSQLException(SQLError.java:959)
	at com.mysql.jdbc.MysqlIO.checkErrorPacket(MysqlIO.java:3870)
	at com.mysql.jdbc.MysqlIO.checkErrorPacket(MysqlIO.java:3806)
	at com.mysql.jdbc.MysqlIO.checkErrorPacket(MysqlIO.java:871)
	at com.mysql.jdbc.MysqlIO.proceedHandshakeWithPluggableAuthentication(MysqlIO.java:1686)
	at com.mysql.jdbc.MysqlIO.doHandshake(MysqlIO.java:1207)
	at com.mysql.jdbc.ConnectionImpl.coreConnect(ConnectionImpl.java:2254)
	at com.mysql.jdbc.ConnectionImpl.connectOneTryOnly(ConnectionImpl.java:2285)
	at com.mysql.jdbc.ConnectionImpl.createNewIO(ConnectionImpl.java:2084)
	at com.mysql.jdbc.ConnectionImpl.<init>(ConnectionImpl.java:795)
	at com.mysql.jdbc.JDBC4Connection.<init>(JDBC4Connection.java:44)
	at sun.reflect.NativeConstructorAccessorImpl.newInstance0(Native Method)
	at sun.reflect.NativeConstructorAccessorImpl.newInstance(NativeConstructorAccessorImpl.java:57)
	at sun.reflect.DelegatingConstructorAccessorImpl.newInstance(DelegatingConstructorAccessorImpl.java:45)
	at java.lang.reflect.Constructor.newInstance(Constructor.java:526)
	at com.mysql.jdbc.Util.handleNewInstance(Util.java:404)
	at com.mysql.jdbc.ConnectionImpl.getInstance(ConnectionImpl.java:400)
	at com.mysql.jdbc.NonRegisteringDriver.connect(NonRegisteringDriver.java:327)
	at java.sql.DriverManager.getConnection(DriverManager.java:571)
	at java.sql.DriverManager.getConnection(DriverManager.java:215)
	at org.apache.commons.dbcp2.DriverManagerConnectionFactory.createConnection(DriverManagerConnectionFactory.java:77)
	at org.apache.commons.dbcp2.PoolableConnectionFactory.makeObject(PoolableConnectionFactory.java:256)
	at org.apache.commons.pool2.impl.GenericObjectPool.create(GenericObjectPool.java:868)
	at org.apache.commons.pool2.impl.GenericObjectPool.borrowObject(GenericObjectPool.java:435)
	at org.apache.commons.pool2.impl.GenericObjectPool.borrowObject(GenericObjectPool.java:363)
	at org.apache.commons.dbcp2.PoolingDataSource.getConnection(PoolingDataSource.java:134)
	at scalikejdbc.Commons2ConnectionPool.borrow(Commons2ConnectionPool.scala:41)
	at scalikejdbc.DB$.autoCommit(DB.scala:214)
	at io.prediction.data.storage.jdbc.JDBCEngineManifests.<init>(JDBCEngineManifests.scala:29)
	at sun.reflect.NativeConstructorAccessorImpl.newInstance0(Native Method)
	at sun.reflect.NativeConstructorAccessorImpl.newInstance(NativeConstructorAccessorImpl.java:57)
	at sun.reflect.DelegatingConstructorAccessorImpl.newInstance(DelegatingConstructorAccessorImpl.java:45)
	at java.lang.reflect.Constructor.newInstance(Constructor.java:526)
	at io.prediction.data.storage.Storage$.getDataObject(Storage.scala:303)
	at io.prediction.data.storage.Storage$.getDataObjectFromRepo(Storage.scala:263)
	at io.prediction.data.storage.Storage$.getMetaDataEngineManifests(Storage.scala:361)
	at io.prediction.data.storage.Storage$.verifyAllDataObjects(Storage.scala:338)
	at io.prediction.tools.console.Console$.status(Console.scala:1091)
	at io.prediction.tools.console.Console$$anonfun$main$1.apply(Console.scala:734)
	at io.prediction.tools.console.Console$$anonfun$main$1.apply(Console.scala:693)
	at scala.Option.map(Option.scala:145)
	at io.prediction.tools.console.Console$.main(Console.scala:693)
	at io.prediction.tools.console.Console.main(Console.scala)
2016-06-20 19:53:34,028 ERROR io.prediction.tools.console.Console$ [main] - Dumping configuration of initialized storage backend sources. Please make sure they are correct.
2016-06-20 19:53:34,035 ERROR io.prediction.tools.console.Console$ [main] - Source Name: MYSQL; Type: jdbc; Configuration: PASSWORD -> pio, URL -> jdbc:mysql://localhost/pio, TYPE -> jdbc, USERNAME -> pio
2016-06-20 20:13:16,876 ERROR scalikejdbc.StatementExecutor$$anon$1 [main] - SQL execution failed (Reason: Incorrect table definition; there can be only one TIMESTAMP column with CURRENT_TIMESTAMP in DEFAULT or ON UPDATE clause):

   create table if not exists pio_event_2 ( id varchar(32) not null primary key, event text not null, entityType text not null, entityId text not null, targetEntityType text, targetEntityId text, properties text, eventTime timestamp DEFAULT CURRENT_TIMESTAMP, eventTimeZone varchar(50) not null, tags text, prId text, creationTime timestamp DEFAULT CURRENT_TIMESTAMP, creationTimeZone varchar(50) not null)

2016-06-20 20:18:31,214 ERROR io.prediction.tools.console.App$ [main] - App MyTextApp already exists. Aborting.
